<?xml version="1.0" encoding="UTF-8"?>
<!-- Generated by org.testng.reporters.JUnitXMLReporter -->
<testsuite ignored="0" hostname="DESKTOP-Q28BER4" failures="0" tests="4" name="Surefire test" time="25.165" errors="0" timestamp="2023-08-30T15:33:14 IST">
  <testcase classname="testCases.AddToCartTest" name="addToCart" time="6.193"/>
  <testcase classname="testCases.LaunchBrowserTest" name="launch" time="3.423"/>
  <testcase classname="testCases.LoginTest" name="login" time="6.469"/>
  <testcase classname="testCases.RegisterTest" name="registerTestCase" time="9.041"/>
</testsuite> <!-- Surefire test -->
