<?xml version="1.0" encoding="UTF-8"?>
<!-- Generated by org.testng.reporters.JUnitXMLReporter -->
<testsuite ignored="0" hostname="DESKTOP-Q28BER4" failures="0" tests="5" name="Surefire test" time="38.846" errors="0" timestamp="2023-09-02T17:38:46 IST">
  <testcase classname="testCases.AddToCartTest" name="addToCart" time="7.14"/>
  <testcase classname="testCases.LaunchBrowserTest" name="launch" time="3.952"/>
  <testcase classname="testCases.LoginTest" name="login" time="8.955"/>
  <testcase classname="testCases.RegisterTest" name="registerTestCase" time="18.762"/>
  <testcase classname="testCases.RegisterTest" name="test2" time="0.001"/>
</testsuite> <!-- Surefire test -->
