<?xml version="1.0" encoding="UTF-8"?>
<testng-results ignored="0" total="5" passed="5" failed="0" skipped="0">
  <reporter-output>
  </reporter-output>
  <suite started-at="2023-09-02T17:38:07 IST" name="Surefire suite" finished-at="2023-09-02T17:38:46 IST" duration-ms="38846">
    <groups>
      <group name="ST">
        <method signature="RegisterTest.registerTestCase()[pri:0, instance:testCases.RegisterTest@77e9807f]" name="registerTestCase" class="testCases.RegisterTest"/>
      </group> <!-- ST -->
      <group name="IT">
        <method signature="LoginTest.login(java.lang.String)[pri:0, instance:testCases.LoginTest@1a052a00]" name="login" class="testCases.LoginTest"/>
      </group> <!-- IT -->
      <group name="FT">
        <method signature="AddToCartTest.addToCart()[pri:0, instance:testCases.AddToCartTest@255b53dc]" name="addToCart" class="testCases.AddToCartTest"/>
        <method signature="LaunchBrowserTest.launch()[pri:0, instance:testCases.LaunchBrowserTest@770c2e6b]" name="launch" class="testCases.LaunchBrowserTest"/>
      </group> <!-- FT -->
    </groups>
    <test started-at="2023-09-02T17:38:07 IST" name="Surefire test" finished-at="2023-09-02T17:38:46 IST" duration-ms="38846">
      <class name="testCases.LoginTest">
        <test-method signature="login(java.lang.String)[pri:0, instance:testCases.LoginTest@1a052a00]" started-at="2023-09-02T17:38:18 IST" name="login" finished-at="2023-09-02T17:38:27 IST" duration-ms="8955" status="PASS">
          <params>
            <param index="0">
              <value>
                <![CDATA[https://demowebshop.tricentis.com]]>
              </value>
            </param>
          </params>
          <reporter-output>
          </reporter-output>
        </test-method> <!-- login -->
      </class> <!-- testCases.LoginTest -->
      <class name="testCases.LaunchBrowserTest">
        <test-method signature="launch()[pri:0, instance:testCases.LaunchBrowserTest@770c2e6b]" started-at="2023-09-02T17:38:14 IST" name="launch" finished-at="2023-09-02T17:38:18 IST" duration-ms="3952" status="PASS">
          <reporter-output>
          </reporter-output>
        </test-method> <!-- launch -->
      </class> <!-- testCases.LaunchBrowserTest -->
      <class name="testCases.RegisterTest">
        <test-method signature="registerTestCase()[pri:0, instance:testCases.RegisterTest@77e9807f]" started-at="2023-09-02T17:38:27 IST" name="registerTestCase" finished-at="2023-09-02T17:38:46 IST" duration-ms="18762" status="PASS">
          <reporter-output>
          </reporter-output>
        </test-method> <!-- registerTestCase -->
        <test-method signature="test2()[pri:0, instance:testCases.RegisterTest@77e9807f]" started-at="2023-09-02T17:38:46 IST" name="test2" finished-at="2023-09-02T17:38:46 IST" depends-on-methods="testCases.RegisterTest.registerTestCase" duration-ms="1" status="PASS">
          <reporter-output>
          </reporter-output>
        </test-method> <!-- test2 -->
      </class> <!-- testCases.RegisterTest -->
      <class name="testCases.AddToCartTest">
        <test-method signature="addToCart()[pri:0, instance:testCases.AddToCartTest@255b53dc]" started-at="2023-09-02T17:38:07 IST" name="addToCart" finished-at="2023-09-02T17:38:14 IST" duration-ms="7140" status="PASS">
          <reporter-output>
          </reporter-output>
        </test-method> <!-- addToCart -->
      </class> <!-- testCases.AddToCartTest -->
    </test> <!-- Surefire test -->
  </suite> <!-- Surefire suite -->
</testng-results>
