<?xml version="1.0" encoding="UTF-8"?>
<testng-results ignored="0" total="4" passed="4" failed="0" skipped="0">
  <reporter-output>
  </reporter-output>
  <suite started-at="2023-08-30T15:32:48 IST" name="Surefire suite" finished-at="2023-08-30T15:33:14 IST" duration-ms="25165">
    <groups>
      <group name="ST">
        <method signature="RegisterTest.registerTestCase()[pri:0, instance:testCases.RegisterTest@6a2f6f80]" name="registerTestCase" class="testCases.RegisterTest"/>
      </group> <!-- ST -->
      <group name="IT">
        <method signature="LoginTest.login()[pri:0, instance:testCases.LoginTest@1190200a]" name="login" class="testCases.LoginTest"/>
      </group> <!-- IT -->
      <group name="FT">
        <method signature="AddToCartTest.addToCart()[pri:0, instance:testCases.AddToCartTest@69453e37]" name="addToCart" class="testCases.AddToCartTest"/>
        <method signature="LaunchBrowserTest.launch()[pri:0, instance:testCases.LaunchBrowserTest@707194ba]" name="launch" class="testCases.LaunchBrowserTest"/>
      </group> <!-- FT -->
    </groups>
    <test started-at="2023-08-30T15:32:48 IST" name="Surefire test" finished-at="2023-08-30T15:33:14 IST" duration-ms="25165">
      <class name="testCases.LaunchBrowserTest">
        <test-method signature="launch()[pri:0, instance:testCases.LaunchBrowserTest@707194ba]" started-at="2023-08-30T15:32:55 IST" name="launch" finished-at="2023-08-30T15:32:58 IST" duration-ms="3423" status="PASS">
          <reporter-output>
          </reporter-output>
        </test-method> <!-- launch -->
      </class> <!-- testCases.LaunchBrowserTest -->
      <class name="testCases.LoginTest">
        <test-method signature="login()[pri:0, instance:testCases.LoginTest@1190200a]" started-at="2023-08-30T15:32:58 IST" name="login" finished-at="2023-08-30T15:33:05 IST" duration-ms="6469" status="PASS">
          <reporter-output>
          </reporter-output>
        </test-method> <!-- login -->
      </class> <!-- testCases.LoginTest -->
      <class name="testCases.RegisterTest">
        <test-method signature="registerTestCase()[pri:0, instance:testCases.RegisterTest@6a2f6f80]" started-at="2023-08-30T15:33:05 IST" name="registerTestCase" finished-at="2023-08-30T15:33:14 IST" duration-ms="9041" status="PASS">
          <reporter-output>
          </reporter-output>
        </test-method> <!-- registerTestCase -->
      </class> <!-- testCases.RegisterTest -->
      <class name="testCases.AddToCartTest">
        <test-method signature="addToCart()[pri:0, instance:testCases.AddToCartTest@69453e37]" started-at="2023-08-30T15:32:48 IST" name="addToCart" finished-at="2023-08-30T15:32:55 IST" duration-ms="6193" status="PASS">
          <reporter-output>
          </reporter-output>
        </test-method> <!-- addToCart -->
      </class> <!-- testCases.AddToCartTest -->
    </test> <!-- Surefire test -->
  </suite> <!-- Surefire suite -->
</testng-results>
